<?xml version="1.0" encoding="UTF-8"?>
<testng-results skipped="0" failed="0" ignored="0" total="1" passed="1">
  <reporter-output>
  </reporter-output>
  <suite name="Default suite" duration-ms="54911" started-at="2018-06-28T11:02:37Z" finished-at="2018-06-28T11:03:32Z">
    <groups>
    </groups>
    <test name="Default test" duration-ms="54911" started-at="2018-06-28T11:02:37Z" finished-at="2018-06-28T11:03:32Z">
      <class name="basic.AndroidEmulatorTest">
        <test-method status="PASS" signature="setup1()[pri:0, instance:basic.AndroidEmulatorTest@121c9d6]" name="setup1" is-config="true" duration-ms="39613" started-at="2018-06-28T11:02:37Z" finished-at="2018-06-28T11:03:16Z">
          <reporter-output>
          </reporter-output>
        </test-method> <!-- setup1 -->
        <test-method status="PASS" signature="test()[pri:0, instance:basic.AndroidEmulatorTest@121c9d6]" name="test" duration-ms="15224" started-at="2018-06-28T11:03:17Z" finished-at="2018-06-28T11:03:32Z">
          <reporter-output>
          </reporter-output>
        </test-method> <!-- test -->
      </class> <!-- basic.AndroidEmulatorTest -->
    </test> <!-- Default test -->
  </suite> <!-- Default suite -->
</testng-results>
